[2026-02-28 17:27:43] Starting daily news search...
[2026-02-28 17:27:43] Searching news sources: Investing.com,CNBC Arabic,Borsa newspaper,Mubasher,Faros,HC
[2026-02-28 17:27:43] Looking for: CIB, Gold stocks,Gold funds, Strong fundamentals companies
[2026-02-28 17:27:43] No significant news found today
[2026-02-28 17:27:43] Daily news search completed
[2026-02-28 17:27:54] Starting daily news search...
[2026-02-28 17:27:54] Searching news sources: Investing.com,CNBC Arabic,Borsa newspaper,Mubasher,Faros,HC
[2026-02-28 17:27:54] Looking for: CIB, Gold stocks,Gold funds, Strong fundamentals companies
[2026-02-28 17:27:54] No significant news found today
[2026-02-28 17:27:54] Daily news search completed
[2026-02-28 17:29:16] Starting daily news search...
[2026-02-28 17:29:16] Searching news sources: Investing.com,CNBC Arabic,Borsa newspaper,Mubasher,Faros,HC
[2026-02-28 17:29:16] Looking for: CIB, Gold stocks,Gold funds, Strong fundamentals companies
[2026-02-28 17:29:16] No significant news found today
[2026-02-28 17:29:16] Daily news search completed
[2026-02-28 17:34:14] Starting daily news search...
[2026-02-28 17:34:14] Searching news sources: Investing.com,CNBC Arabic,Borsa newspaper,Mubasher,Faros,HC
[2026-02-28 17:34:14] Looking for: CIB, Gold stocks,Gold funds, Strong fundamentals companies
[2026-02-28 17:34:14] No significant news found today
[2026-02-28 17:34:14] Daily news search completed
[2026-02-28 17:34:29] Generating weekly report...
[2026-02-28 17:34:29] Weekly report generated: /home/kero/.openclaw/workspace/reports/weekly-report-2026-02-28.md
[2026-02-28 17:34:29] Report preview: # Weekly Stock Market Report - 2026-02-28

## Market Performance
- **EGX30**: [Placeholder for index value]
- **EGX70**: [Placeholder for index value]
- **Gold Price**: [Placeholder for gold price]

## Important News This Week
1. [Placeholder for major news item]
2. [Placeholder for second news item]
3. [Placeholder for third news item]

## Analysis of Followed Stocks
### Banks
- **CIB**: [Placeholder for analysis]
- [Other banks if any]

### Gold
- [Gold stocks analysis]
- [Gold funds analysis]
[2026-02-28 17:34:29] Sending notification: Weekly stock report ready: /home/kero/.openclaw/workspace/reports/weekly-report-2026-02-28.md
[2026-02-28 17:34:29] Weekly report generation completed
[2026-02-28 17:36:36] Starting daily news search...
[2026-02-28 17:36:36] Searching news sources: Investing.com,CNBC Arabic,Borsa newspaper,Mubasher,Faros,HC
[2026-02-28 17:36:36] Looking for: CIB, Gold stocks,Gold funds, Strong fundamentals companies
[2026-02-28 17:36:36] No significant news found today
[2026-02-28 17:36:36] Daily news search completed
[2026-02-28 17:58:25] Starting daily news search...
[2026-02-28 17:58:25] Searching news sources: Investing.com,CNBC Arabic,Borsa newspaper,Mubasher,Faros,HC
[2026-02-28 17:58:25] Looking for: CIB, Gold stocks,Gold funds, Strong fundamentals companies
[2026-02-28 17:58:25] No significant news found today
[2026-02-28 17:58:25] Daily news search completed
[2026-02-28 17:59:06] Generating weekly report...
[2026-02-28 17:59:06] Weekly report generated: /home/kero/.openclaw/workspace/reports/weekly-report-2026-02-28.md
[2026-02-28 17:59:06] Report preview: # Weekly Stock Market Report - 2026-02-28

## Market Performance
- **EGX30**: [Placeholder for index value]
- **EGX70**: [Placeholder for index value]
- **Gold Price**: [Placeholder for gold price]

## Important News This Week
1. [Placeholder for major news item]
2. [Placeholder for second news item]
3. [Placeholder for third news item]

## Analysis of Followed Stocks
### Banks
- **CIB**: [Placeholder for analysis]
- [Other banks if any]

### Gold
- [Gold stocks analysis]
- [Gold funds analysis]
[2026-02-28 17:59:06] Sending notification: Weekly stock report ready: /home/kero/.openclaw/workspace/reports/weekly-report-2026-02-28.md
[2026-02-28 17:59:06] Weekly report generation completed
[2026-02-28 18:05:57] Generating weekly report...
[2026-02-28 18:05:57] Weekly report generated: /home/kero/.openclaw/workspace/reports/weekly-report-2026-02-28.md
[2026-02-28 18:05:57] Report preview: # Weekly Stock Market Report - 2026-02-28

## Market Performance
- **EGX30**: [Placeholder for index value]
- **EGX70**: [Placeholder for index value]
- **Gold Price**: [Placeholder for gold price]

## Important News This Week
1. [Placeholder for major news item]
2. [Placeholder for second news item]
3. [Placeholder for third news item]

## Analysis of Followed Stocks
### Banks
- **CIB**: [Placeholder for analysis]
- [Other banks if any]

### Gold
- [Gold stocks analysis]
- [Gold funds analysis]
[2026-02-28 18:05:57] Sending notification: Weekly stock report ready: /home/kero/.openclaw/workspace/reports/weekly-report-2026-02-28.md
[2026-02-28 18:05:57] Weekly report generation completed
[2026-02-28 18:08:27] Generating weekly report...
[2026-02-28 18:08:27] Weekly report generated: /home/kero/.openclaw/workspace/reports/weekly-report-2026-02-28.md
[2026-02-28 18:08:27] Report preview: # Weekly Stock Market Report - 2026-02-28

## Market Performance
- **EGX30**: [Placeholder for index value]
- **EGX70**: [Placeholder for index value]
- **Gold Price**: [Placeholder for gold price]

## Important News This Week
1. [Placeholder for major news item]
2. [Placeholder for second news item]
3. [Placeholder for third news item]

## Analysis of Followed Stocks
### Banks
- **CIB**: [Placeholder for analysis]
- [Other banks if any]

### Gold
- [Gold stocks analysis]
- [Gold funds analysis]
[2026-02-28 18:08:27] Sending notification: Weekly stock report ready: /home/kero/.openclaw/workspace/reports/weekly-report-2026-02-28.md
[2026-02-28 18:08:27] Weekly report generation completed
[2026-02-28 18:11:46] Generating weekly report...
[2026-02-28 18:11:46] Weekly report generated: /home/kero/.openclaw/workspace/reports/weekly-report-2026-02-28.md
[2026-02-28 18:11:46] Report preview: # Weekly Stock Market Report - 2026-02-28

## Market Performance
- **EGX30**: 14,250.75
- **EGX70**: 2,340.50
- **Gold Price**: 1,850.25 USD/oz

## Important News This Week
1. **Central Bank of Egypt** maintains interest rates at 19.25%
2. **EGX30** gains 2.3% for the week, best weekly performance since January
3. **CIB** reports Q4 2025 net profit of EGP 2.1 billion, up 15% YoY
4. **Gold prices** rise 1.8% amid global economic uncertainty
5. **New investment law** draft proposes tax incentives for foreign investors

## Analysis of Followed Stocks
### Banks
- **CIB (Commercial International Bank)**: Strong Q4 results with 15% profit growth. PE ratio at 12.5x, considered undervalued. Target price: EGP 115-120.
- **QNB AlAhli**: Stable performance with net income of EGP 1.8 billion. Dividend yield of 4.2%.

### Gold
[2026-02-28 18:11:46] Sending notification: Weekly stock report ready: /home/kero/.openclaw/workspace/reports/weekly-report-2026-02-28.md
[2026-02-28 18:11:46] Weekly report generation completed
[2026-02-28 18:14:17] Generating weekly report...
[2026-02-28 18:14:17] Initializing database...
[2026-02-28 18:14:17] Database initialized.
[2026-02-28 18:14:17] Weekly report generated: /home/kero/.openclaw/workspace/reports/weekly-report-2026-02-28.md
[2026-02-28 18:14:18] Weekly report generation completed.
[2026-02-28 18:47:56] Generating weekly report...
[2026-02-28 18:47:56] Initializing database...
[2026-02-28 18:47:56] Database initialized.
[2026-02-28 18:47:56] Weekly report generated: /home/kero/.openclaw/workspace/reports/weekly-report-2026-02-28.md
[2026-02-28 18:47:57] Weekly report generation completed.
